<?xml version="1.0" encoding="UTF-8"?>
<!-- Generated by org.testng.reporters.JUnitReportReporter -->
<testsuite hostname="EC2AMAZ-S11DBRH" failures="0" tests="4" name="runner.ArticleRunner" time="6.312" errors="0" timestamp="2024-05-09T07:38:58 GMT" skipped="0">
  <testcase classname="runner.ArticleRunner" name="runScenario" time="0.457"/>
  <system-out/>
  <testcase classname="runner.ArticleRunner" name="runScenario" time="4.307"/>
  <system-out/>
  <testcase classname="runner.ArticleRunner" name="runScenario" time="0.895"/>
  <system-out/>
  <testcase classname="runner.ArticleRunner" name="runScenario" time="0.653"/>
  <system-out/>
</testsuite> <!-- runner.ArticleRunner -->
